<?xml version="1.0" encoding="UTF-8"?>
<!-- Generated by org.testng.reporters.JUnitReportReporter -->
<testsuite hostname="Chandan-PC" failures="0" tests="1" name="com.TestNGScript.file.SK_ThermalCameraAPI" time="10.747" errors="0" timestamp="13 Feb 2021 16:22:39 GMT" skipped="0">
  <testcase classname="com.TestNGScript.file.SK_ThermalCameraAPI" name="ThermalRequest" time="10.747"/>
</testsuite> <!-- com.TestNGScript.file.SK_ThermalCameraAPI -->
