<?xml version="1.0" encoding="UTF-8"?>
<!-- Generated by org.testng.reporters.JUnitReportReporter -->
<testsuite hostname="Chandan-PC" failures="0" tests="1" name="com.TestNGScript.file.SK_ThermalCameraStatusCode" time="6.312" errors="0" timestamp="13 Feb 2021 16:23:02 GMT" skipped="0">
  <testcase classname="com.TestNGScript.file.SK_ThermalCameraStatusCode" name="ThermalRequest" time="6.312"/>
</testsuite> <!-- com.TestNGScript.file.SK_ThermalCameraStatusCode -->
